1679826731043	geckodriver	INFO	Listening on 127.0.0.1:62103
1679826734083	mozrunner::runner	INFO	Running command: "C:\\Program Files\\Mozilla Firefox\\firefox.exe" "--marionette" "--remote-debugging-port" "62104" "--remote-allow-hosts" "localhost" "-no-remote" "-profile" "C:\\Users\\thomw\\AppData\\Local\\Temp\\rust_mozprofileTaJSdi"
console.warn: services.settings: Ignoring preference override of remote settings server
console.warn: services.settings: Allow by setting MOZ_REMOTE_SETTINGS_DEVTOOLS=1 in the environment
1679826734343	Marionette	INFO	Marionette enabled
Dynamically enable window occlusion 0
1679826734349	Marionette	INFO	Listening on port 62166
WebDriver BiDi listening on ws://127.0.0.1:62104
Read port: 62166
1679826734544	RemoteAgent	WARN	TLS certificate errors will be ignored for this session
console.warn: SearchSettings: "get: No settings file exists, new profile?" (new NotFoundError("Could not open the file at C:\\Users\\thomw\\AppData\\Local\\Temp\\rust_mozprofileTaJSdi\\search.json.mozlz4", (void 0)))
DevTools listening on ws://127.0.0.1:62104/devtools/browser/7e419f20-48e8-41d3-a9a5-eea447a7c042
JavaScript warning: https://cdn0.woolworths.media/wowssr/syd2/a10/browser/assets/adobe/adobe-hp.min.js?hash=20230317.2, line 17: WEBGL_debug_renderer_info is deprecated in Firefox and will be removed. Please use RENDERER.
JavaScript warning: https://www.woolworths.com.au/m5Kb/wYec/yyYL3/u4OZ/g/EaupmLrXa59S/WBIbQg/UE/d4HV0kWn4, line 1: unreachable code after return statement
JavaScript warning: https://www.woolworths.com.au/m5Kb/wYec/yyYL3/u4OZ/g/EaupmLrXa59S/WBIbQg/UE/d4HV0kWn4, line 1: WEBGL_debug_renderer_info is deprecated in Firefox and will be removed. Please use RENDERER.
JavaScript warning: https://tags.tiqcdn.com/utag/woolworths/supermarkets/prod/utag.js, line 391: WEBGL_debug_renderer_info is deprecated in Firefox and will be removed. Please use RENDERER.
JavaScript warning: https://tags.tiqcdn.com/utag/woolworths/supermarkets/prod/utag.js, line 391: WEBGL_debug_renderer_info is deprecated in Firefox and will be removed. Please use RENDERER.
JavaScript warning: https://tags.tiqcdn.com/utag/woolworths/supermarkets/prod/utag.js, line 391: WEBGL_debug_renderer_info is deprecated in Firefox and will be removed. Please use RENDERER.
JavaScript warning: https://tags.tiqcdn.com/utag/woolworths/supermarkets/prod/utag.js, line 391: WEBGL_debug_renderer_info is deprecated in Firefox and will be removed. Please use RENDERER.
JavaScript warning: https://tags.tiqcdn.com/utag/woolworths/supermarkets/prod/utag.js, line 391: WEBGL_debug_renderer_info is deprecated in Firefox and will be removed. Please use RENDERER.
JavaScript warning: https://pagead2.googlesyndication.com/bg/5ZLoQB_z02QzB_hHqtk5fVBr8jKba2eTnMK3sia1eD8.js line 2 > eval line 2749 > eval line 1 > eval line 1 > eval, line 1: WEBGL_debug_renderer_info is deprecated in Firefox and will be removed. Please use RENDERER.
JavaScript warning: https://tags.tiqcdn.com/utag/woolworths/supermarkets/prod/utag.js, line 391: WEBGL_debug_renderer_info is deprecated in Firefox and will be removed. Please use RENDERER.
JavaScript warning: https://tags.tiqcdn.com/utag/woolworths/supermarkets/prod/utag.js, line 391: WEBGL_debug_renderer_info is deprecated in Firefox and will be removed. Please use RENDERER.
JavaScript warning: https://tags.tiqcdn.com/utag/woolworths/supermarkets/prod/utag.js, line 391: WEBGL_debug_renderer_info is deprecated in Firefox and will be removed. Please use RENDERER.
JavaScript warning: https://tags.tiqcdn.com/utag/woolworths/supermarkets/prod/utag.js, line 391: WEBGL_debug_renderer_info is deprecated in Firefox and will be removed. Please use RENDERER.
JavaScript warning: https://tags.tiqcdn.com/utag/woolworths/supermarkets/prod/utag.js, line 391: WEBGL_debug_renderer_info is deprecated in Firefox and will be removed. Please use RENDERER.
JavaScript warning: https://tags.tiqcdn.com/utag/woolworths/supermarkets/prod/utag.js, line 391: WEBGL_debug_renderer_info is deprecated in Firefox and will be removed. Please use RENDERER.
JavaScript error: , line 0: TypeError: NetworkError when attempting to fetch resource.
JavaScript error: , line 0: TypeError: NetworkError when attempting to fetch resource.
1679826784867	Marionette	WARN	TimedPromise timed out after 500 ms: stacktrace:
TimedPromise/<@chrome://remote/content/marionette/sync.sys.mjs:219:24
TimedPromise@chrome://remote/content/marionette/sync.sys.mjs:204:10
interaction.flushEventLoop@chrome://remote/content/marionette/interaction.sys.mjs:425:10
webdriverClickElement@chrome://remote/content/marionette/interaction.sys.mjs:173:31
JavaScript warning: https://tags.tiqcdn.com/utag/woolworths/supermarkets/prod/utag.js, line 391: WEBGL_debug_renderer_info is deprecated in Firefox and will be removed. Please use RENDERER.
JavaScript warning: https://tags.tiqcdn.com/utag/woolworths/supermarkets/prod/utag.js, line 391: WEBGL_debug_renderer_info is deprecated in Firefox and will be removed. Please use RENDERER.
JavaScript warning: https://tags.tiqcdn.com/utag/woolworths/supermarkets/prod/utag.js, line 391: WEBGL_debug_renderer_info is deprecated in Firefox and will be removed. Please use RENDERER.
JavaScript warning: https://tags.tiqcdn.com/utag/woolworths/supermarkets/prod/utag.js, line 391: WEBGL_debug_renderer_info is deprecated in Firefox and will be removed. Please use RENDERER.
JavaScript warning: https://tags.tiqcdn.com/utag/woolworths/supermarkets/prod/utag.js, line 391: WEBGL_debug_renderer_info is deprecated in Firefox and will be removed. Please use RENDERER.
JavaScript warning: https://tags.tiqcdn.com/utag/woolworths/supermarkets/prod/utag.js, line 391: WEBGL_debug_renderer_info is deprecated in Firefox and will be removed. Please use RENDERER.
JavaScript error: , line 0: TypeError: NetworkError when attempting to fetch resource.
JavaScript error: , line 0: TypeError: NetworkError when attempting to fetch resource.
JavaScript warning: https://tags.tiqcdn.com/utag/woolworths/supermarkets/prod/utag.js, line 391: WEBGL_debug_renderer_info is deprecated in Firefox and will be removed. Please use RENDERER.
JavaScript warning: https://tags.tiqcdn.com/utag/woolworths/supermarkets/prod/utag.js, line 391: WEBGL_debug_renderer_info is deprecated in Firefox and will be removed. Please use RENDERER.
JavaScript warning: https://tags.tiqcdn.com/utag/woolworths/supermarkets/prod/utag.js, line 391: WEBGL_debug_renderer_info is deprecated in Firefox and will be removed. Please use RENDERER.
JavaScript error: , line 0: TypeError: NetworkError when attempting to fetch resource.
JavaScript error: , line 0: TypeError: NetworkError when attempting to fetch resource.
JavaScript warning: https://tags.tiqcdn.com/utag/woolworths/supermarkets/prod/utag.js, line 391: WEBGL_debug_renderer_info is deprecated in Firefox and will be removed. Please use RENDERER.
JavaScript warning: https://tags.tiqcdn.com/utag/woolworths/supermarkets/prod/utag.js, line 391: WEBGL_debug_renderer_info is deprecated in Firefox and will be removed. Please use RENDERER.
JavaScript warning: https://tags.tiqcdn.com/utag/woolworths/supermarkets/prod/utag.js, line 391: WEBGL_debug_renderer_info is deprecated in Firefox and will be removed. Please use RENDERER.
JavaScript error: , line 0: TypeError: NetworkError when attempting to fetch resource.
JavaScript error: , line 0: TypeError: NetworkError when attempting to fetch resource.
JavaScript warning: https://tags.tiqcdn.com/utag/woolworths/supermarkets/prod/utag.js, line 391: WEBGL_debug_renderer_info is deprecated in Firefox and will be removed. Please use RENDERER.
JavaScript warning: https://tags.tiqcdn.com/utag/woolworths/supermarkets/prod/utag.js, line 391: WEBGL_debug_renderer_info is deprecated in Firefox and will be removed. Please use RENDERER.
JavaScript warning: https://tags.tiqcdn.com/utag/woolworths/supermarkets/prod/utag.js, line 391: WEBGL_debug_renderer_info is deprecated in Firefox and will be removed. Please use RENDERER.
JavaScript error: , line 0: TypeError: NetworkError when attempting to fetch resource.
JavaScript error: , line 0: TypeError: NetworkError when attempting to fetch resource.
JavaScript warning: https://tags.tiqcdn.com/utag/woolworths/supermarkets/prod/utag.js, line 391: WEBGL_debug_renderer_info is deprecated in Firefox and will be removed. Please use RENDERER.
JavaScript warning: https://tags.tiqcdn.com/utag/woolworths/supermarkets/prod/utag.js, line 391: WEBGL_debug_renderer_info is deprecated in Firefox and will be removed. Please use RENDERER.
JavaScript warning: https://tags.tiqcdn.com/utag/woolworths/supermarkets/prod/utag.js, line 391: WEBGL_debug_renderer_info is deprecated in Firefox and will be removed. Please use RENDERER.
JavaScript warning: https://tags.tiqcdn.com/utag/woolworths/supermarkets/prod/utag.js, line 391: WEBGL_debug_renderer_info is deprecated in Firefox and will be removed. Please use RENDERER.
JavaScript warning: https://tags.tiqcdn.com/utag/woolworths/supermarkets/prod/utag.js, line 391: WEBGL_debug_renderer_info is deprecated in Firefox and will be removed. Please use RENDERER.
JavaScript warning: https://tags.tiqcdn.com/utag/woolworths/supermarkets/prod/utag.js, line 391: WEBGL_debug_renderer_info is deprecated in Firefox and will be removed. Please use RENDERER.
JavaScript warning: https://tags.tiqcdn.com/utag/woolworths/supermarkets/prod/utag.js, line 391: WEBGL_debug_renderer_info is deprecated in Firefox and will be removed. Please use RENDERER.
JavaScript warning: https://tags.tiqcdn.com/utag/woolworths/supermarkets/prod/utag.js, line 391: WEBGL_debug_renderer_info is deprecated in Firefox and will be removed. Please use RENDERER.
JavaScript warning: https://tags.tiqcdn.com/utag/woolworths/supermarkets/prod/utag.js, line 391: WEBGL_debug_renderer_info is deprecated in Firefox and will be removed. Please use RENDERER.
JavaScript warning: https://tags.tiqcdn.com/utag/woolworths/supermarkets/prod/utag.js, line 391: WEBGL_debug_renderer_info is deprecated in Firefox and will be removed. Please use RENDERER.
JavaScript warning: https://tags.tiqcdn.com/utag/woolworths/supermarkets/prod/utag.js, line 391: WEBGL_debug_renderer_info is deprecated in Firefox and will be removed. Please use RENDERER.
JavaScript warning: https://tags.tiqcdn.com/utag/woolworths/supermarkets/prod/utag.js, line 391: WEBGL_debug_renderer_info is deprecated in Firefox and will be removed. Please use RENDERER.
JavaScript warning: https://tags.tiqcdn.com/utag/woolworths/supermarkets/prod/utag.js, line 391: WEBGL_debug_renderer_info is deprecated in Firefox and will be removed. Please use RENDERER.
JavaScript warning: https://tags.tiqcdn.com/utag/woolworths/supermarkets/prod/utag.js, line 391: WEBGL_debug_renderer_info is deprecated in Firefox and will be removed. Please use RENDERER.
JavaScript warning: https://tags.tiqcdn.com/utag/woolworths/supermarkets/prod/utag.js, line 391: WEBGL_debug_renderer_info is deprecated in Firefox and will be removed. Please use RENDERER.
JavaScript warning: https://cdn0.woolworths.media/wowssr/syd2/a10/browser/assets/adobe/adobe-hp.min.js?hash=20230317.2, line 17: WEBGL_debug_renderer_info is deprecated in Firefox and will be removed. Please use RENDERER.
JavaScript warning: https://www.woolworths.com.au/m5Kb/wYec/yyYL3/u4OZ/g/EaupmLrXa59S/WBIbQg/UE/d4HV0kWn4, line 1: unreachable code after return statement
JavaScript warning: https://www.woolworths.com.au/m5Kb/wYec/yyYL3/u4OZ/g/EaupmLrXa59S/WBIbQg/UE/d4HV0kWn4, line 1: WEBGL_debug_renderer_info is deprecated in Firefox and will be removed. Please use RENDERER.
JavaScript warning: https://tags.tiqcdn.com/utag/woolworths/supermarkets/prod/utag.js, line 391: WEBGL_debug_renderer_info is deprecated in Firefox and will be removed. Please use RENDERER.
JavaScript warning: https://tags.tiqcdn.com/utag/woolworths/supermarkets/prod/utag.js, line 391: WEBGL_debug_renderer_info is deprecated in Firefox and will be removed. Please use RENDERER.
JavaScript warning: https://pagead2.googlesyndication.com/bg/5ZLoQB_z02QzB_hHqtk5fVBr8jKba2eTnMK3sia1eD8.js line 2 > eval line 7194 > eval line 1 > eval line 1 > eval, line 1: WEBGL_debug_renderer_info is deprecated in Firefox and will be removed. Please use RENDERER.
1679829609570	Marionette	INFO	Stopped listening on port 62166
Dynamically enable window occlusion 1
ng command: "C:\\Program Files\\Mozilla Firefox\\firefox.exe" "--marionette" "--remote-debugging-port" "62981" "--remote-allow-hosts" "localhost" "-no-remote" "-profile" "C:\\Users\\thomw\\AppData\\Local\\Temp\\rust_mozprofilei5HSAB"
console.warn: services.settings: Ignoring preference override of remote settings server
console.warn: services.settings: Allow by setting MOZ_REMOTE_SETTINGS_DEVTOOLS=1 in the environment
1679826967843	Marionette	INFO	Marionette enabled
Dynamically enable window occlusion 0
1679826967846	Marionette	INFO	Listening on port 62991
Read port: 62991
WebDriver BiDi listening on ws://127.0.0.1:62981
1679826967920	RemoteAgent	WARN	TLS certificate errors will be ignored for this session
console.warn: SearchSettings: "get: No settings file exists, new profile?" (new NotFoundError("Could not open the file at C:\\Users\\thomw\\AppData\\Local\\Temp\\rust_mozprofilei5HSAB\\search.json.mozlz4", (void 0)))
DevTools listening on ws://127.0.0.1:62981/devtools/browser/566a47a7-de8b-4a1e-a326-05bd88d726a8
JavaScript warning: https://cdn0.woolworths.media/wowssr/syd2/a10/browser/assets/adobe/adobe-hp.min.js?hash=20230317.2, line 17: WEBGL_debug_renderer_info is deprecated in Firefox and will be removed. Please use RENDERER.
JavaScript warning: https://www.woolworths.com.au/m5Kb/wYec/yyYL3/u4OZ/g/EaupmLrXa59S/WBIbQg/UE/d4HV0kWn4, line 1: unreachable code after return statement
JavaScript warning: https://www.woolworths.com.au/m5Kb/wYec/yyYL3/u4OZ/g/EaupmLrXa59S/WBIbQg/UE/d4HV0kWn4, line 1: WEBGL_debug_renderer_info is deprecated in Firefox and will be removed. Please use RENDERER.
JavaScript warning: https://tags.tiqcdn.com/utag/woolworths/supermarkets/prod/utag.js, line 391: WEBGL_debug_renderer_info is deprecated in Firefox and will be removed. Please use RENDERER.
JavaScript warning: https://tags.tiqcdn.com/utag/woolworths/supermarkets/prod/utag.js, line 391: WEBGL_debug_renderer_info is deprecated in Firefox and will be removed. Please use RENDERER.
JavaScript warning: https://tags.tiqcdn.com/utag/woolworths/supermarkets/prod/utag.js, line 391: WEBGL_debug_renderer_info is deprecated in Firefox and will be removed. Please use RENDERER.
JavaScript warning: https://pagead2.googlesyndication.com/bg/5ZLoQB_z02QzB_hHqtk5fVBr8jKba2eTnMK3sia1eD8.js line 2 > eval line 3271 > eval line 1 > eval line 1 > eval, line 1: WEBGL_debug_renderer_info is deprecated in Firefox and will be removed. Please use RENDERER.
JavaScript warning: https://tags.tiqcdn.com/utag/woolworths/supermarkets/prod/utag.js, line 391: WEBGL_debug_renderer_info is deprecated in Firefox and will be removed. Please use RENDERER.
JavaScript warning: https://tags.tiqcdn.com/utag/woolworths/supermarkets/prod/utag.js, line 391: WEBGL_debug_renderer_info is deprecated in Firefox and will be removed. Please use RENDERER.
JavaScript warning: https://tags.tiqcdn.com/utag/woolworths/supermarkets/prod/utag.js, line 391: WEBGL_debug_renderer_info is deprecated in Firefox and will be removed. Please use RENDERER.
JavaScript warning: https://tags.tiqcdn.com/utag/woolworths/supermarkets/prod/utag.js, line 391: WEBGL_debug_renderer_info is deprecated in Firefox and will be removed. Please use RENDERER.
JavaScript warning: https://tags.tiqcdn.com/utag/woolworths/supermarkets/prod/utag.js, line 391: WEBGL_debug_renderer_info is deprecated in Firefox and will be removed. Please use RENDERER.
JavaScript error: , line 0: TypeError: NetworkError when attempting to fetch resource.
JavaScript error: , line 0: TypeError: NetworkError when attempting to fetch resource.
JavaScript warning: https://tags.tiqcdn.com/utag/woolworths/supermarkets/prod/utag.js, line 391: WEBGL_debug_renderer_info is deprecated in Firefox and will be removed. Please use RENDERER.
JavaScript warning: https://tags.tiqcdn.com/utag/woolworths/supermarkets/prod/utag.js, line 391: WEBGL_debug_renderer_info is deprecated in Firefox and will be removed. Please use RENDERER.
JavaScript warning: https://tags.tiqcdn.com/utag/woolworths/supermarkets/prod/utag.js, line 391: WEBGL_debug_renderer_info is deprecated in Firefox and will be removed. Please use RENDERER.
JavaScript error: , line 0: TypeError: NetworkError when attempting to fetch resource.
JavaScript warning: https://tags.tiqcdn.com/utag/woolworths/supermarkets/prod/utag.js, line 391: WEBGL_debug_renderer_info is deprecated in Firefox and will be removed. Please use RENDERER.
JavaScript warning: https://tags.tiqcdn.com/utag/woolworths/supermarkets/prod/utag.js, line 391: WEBGL_debug_renderer_info is deprecated in Firefox and will be removed. Please use RENDERER.
JavaScript warning: https://tags.tiqcdn.com/utag/woolworths/supermarkets/prod/utag.js, line 391: WEBGL_debug_renderer_info is deprecated in Firefox and will be removed. Please use RENDERER.
JavaScript warning: https://tags.tiqcdn.com/utag/woolworths/supermarkets/prod/utag.js, line 391: WEBGL_debug_renderer_info is deprecated in Firefox and will be removed. Please use RENDERER.
JavaScript warning: https://tags.tiqcdn.com/utag/woolworths/supermarkets/prod/utag.js, line 391: WEBGL_debug_renderer_info is deprecated in Firefox and will be removed. Please use RENDERER.
JavaScript warning: https://tags.tiqcdn.com/utag/woolworths/supermarkets/prod/utag.js, line 391: WEBGL_debug_renderer_info is deprecated in Firefox and will be removed. Please use RENDERER.
JavaScript warning: https://tags.tiqcdn.com/utag/woolworths/supermarkets/prod/utag.js, line 391: WEBGL_debug_renderer_info is deprecated in Firefox and will be removed. Please use RENDERER.
JavaScript warning: https://tags.tiqcdn.com/utag/woolworths/supermarkets/prod/utag.js, line 391: WEBGL_debug_renderer_info is deprecated in Firefox and will be removed. Please use RENDERER.
JavaScript warning: https://tags.tiqcdn.com/utag/woolworths/supermarkets/prod/utag.js, line 391: WEBGL_debug_renderer_info is deprecated in Firefox and will be removed. Please use RENDERER.
JavaScript warning: https://tags.tiqcdn.com/utag/woolworths/supermarkets/prod/utag.js, line 391: WEBGL_debug_renderer_info is deprecated in Firefox and will be removed. Please use RENDERER.
JavaScript warning: https://tags.tiqcdn.com/utag/woolworths/supermarkets/prod/utag.js, line 391: WEBGL_debug_renderer_info is deprecated in Firefox and will be removed. Please use RENDERER.
JavaScript warning: https://tags.tiqcdn.com/utag/woolworths/supermarkets/prod/utag.js, line 391: WEBGL_debug_renderer_info is deprecated in Firefox and will be removed. Please use RENDERER.
JavaScript warning: https://tags.tiqcdn.com/utag/woolworths/supermarkets/prod/utag.js, line 391: WEBGL_debug_renderer_info is deprecated in Firefox and will be removed. Please use RENDERER.
JavaScript warning: https://tags.tiqcdn.com/utag/woolworths/supermarkets/prod/utag.js, line 391: WEBGL_debug_renderer_info is deprecated in Firefox and will be removed. Please use RENDERER.
JavaScript warning: https://tags.tiqcdn.com/utag/woolworths/supermarkets/prod/utag.js, line 391: WEBGL_debug_renderer_info is deprecated in Firefox and will be removed. Please use RENDERER.
JavaScript error: , line 0: TypeError: NetworkError when attempting to fetch resource.
JavaScript error: , line 0: TypeError: NetworkError when attempting to fetch resource.
JavaScript warning: https://tags.tiqcdn.com/utag/woolworths/supermarkets/prod/utag.js, line 391: WEBGL_debug_renderer_info is deprecated in Firefox and will be removed. Please use RENDERER.
JavaScript warning: https://tags.tiqcdn.com/utag/woolworths/supermarkets/prod/utag.js, line 391: WEBGL_debug_renderer_info is deprecated in Firefox and will be removed. Please use RENDERER.
JavaScript warning: https://tags.tiqcdn.com/utag/woolworths/supermarkets/prod/utag.js, line 391: WEBGL_debug_renderer_info is deprecated in Firefox and will be removed. Please use RENDERER.
JavaScript warning: https://tags.tiqcdn.com/utag/woolworths/supermarkets/prod/utag.js, line 391: WEBGL_debug_renderer_info is deprecated in Firefox and will be removed. Please use RENDERER.
JavaScript warning: https://tags.tiqcdn.com/utag/woolworths/supermarkets/prod/utag.js, line 391: WEBGL_debug_renderer_info is deprecated in Firefox and will be removed. Please use RENDERER.
JavaScript warning: https://tags.tiqcdn.com/utag/woolworths/supermarkets/prod/utag.js, line 391: WEBGL_debug_renderer_info is deprecated in Firefox and will be removed. Please use RENDERER.
JavaScript error: , line 0: TypeError: NetworkError when attempting to fetch resource.
JavaScript error: , line 0: TypeError: NetworkError when attempting to fetch resource.
JavaScript warning: https://tags.tiqcdn.com/utag/woolworths/supermarkets/prod/utag.js, line 391: WEBGL_debug_renderer_info is deprecated in Firefox and will be removed. Please use RENDERER.
JavaScript warning: https://tags.tiqcdn.com/utag/woolworths/supermarkets/prod/utag.js, line 391: WEBGL_debug_renderer_info is deprecated in Firefox and will be removed. Please use RENDERER.
JavaScript warning: https://tags.tiqcdn.com/utag/woolworths/supermarkets/prod/utag.js, line 391: WEBGL_debug_renderer_info is deprecated in Firefox and will be removed. Please use RENDERER.
JavaScript warning: https://tags.tiqcdn.com/utag/woolworths/supermarkets/prod/utag.js, line 391: WEBGL_debug_renderer_info is deprecated in Firefox and will be removed. Please use RENDERER.
JavaScript warning: https://tags.tiqcdn.com/utag/woolworths/supermarkets/prod/utag.js, line 391: WEBGL_debug_renderer_info is deprecated in Firefox and will be removed. Please use RENDERER.
JavaScript warning: https://tags.tiqcdn.com/utag/woolworths/supermarkets/prod/utag.js, line 391: WEBGL_debug_renderer_info is deprecated in Firefox and will be removed. Please use RENDERER.
JavaScript warning: https://tags.tiqcdn.com/utag/woolworths/supermarkets/prod/utag.js, line 391: WEBGL_debug_renderer_info is deprecated in Firefox and will be removed. Please use RENDERER.
JavaScript warning: https://tags.tiqcdn.com/utag/woolworths/supermarkets/prod/utag.js, line 391: WEBGL_debug_renderer_info is deprecated in Firefox and will be removed. Please use RENDERER.
JavaScript warning: https://tags.tiqcdn.com/utag/woolworths/supermarkets/prod/utag.js, line 391: WEBGL_debug_renderer_info is deprecated in Firefox and will be removed. Please use RENDERER.
JavaScript warning: https://cdn0.woolworths.media/wowssr/syd2/a10/browser/assets/adobe/adobe-hp.min.js?hash=20230317.2, line 17: WEBGL_debug_renderer_info is deprecated in Firefox and will be removed. Please use RENDERER.
JavaScript warning: https://www.woolworths.com.au/m5Kb/wYec/yyYL3/u4OZ/g/EaupmLrXa59S/WBIbQg/UE/d4HV0kWn4, line 1: unreachable code after return statement
JavaScript warning: https://www.woolworths.com.au/m5Kb/wYec/yyYL3/u4OZ/g/EaupmLrXa59S/WBIbQg/UE/d4HV0kWn4, line 1: WEBGL_debug_renderer_info is deprecated in Firefox and will be removed. Please use RENDERER.
JavaScript warning: https://tags.tiqcdn.com/utag/woolworths/supermarkets/prod/utag.js, line 391: WEBGL_debug_renderer_info is deprecated in Firefox and will be removed. Please use RENDERER.
JavaScript warning: https://pagead2.googlesyndication.com/bg/5ZLoQB_z02QzB_hHqtk5fVBr8jKba2eTnMK3sia1eD8.js line 2 > eval line 815 > eval line 1 > eval line 1 > eval, line 1: WEBGL_debug_renderer_info is deprecated in Firefox and will be removed. Please use RENDERER.
1679829610837	Marionette	INFO	Stopped listening on port 62991
Dynamically enable window occlusion 1
!!! error running onStopped callback: TypeError: callback is not a function
